03-31 15:19:05 default      INFO     Using default name: User
03-31 15:19:05 default      INFO     Using custom age: 22
03-31 15:19:05 default      INFO     Using custom gender: m
03-31 15:19:05 default      DEBUG    gender set to: M
03-31 15:19:05 default      INFO     Custom occupation given: None
03-31 15:19:05 default      INFO     16 similar users found
03-31 15:19:05 default      DEBUG    Getting movie ratings for user: 245
03-31 15:19:05 default      DEBUG    22 movie ratings found for user: 22
03-31 15:19:05 default      DEBUG    Creating list that can be sorted for user: 245
03-31 15:19:05 default      INFO     Determining top three favorite movies and top three least favorite films for user: 245
03-31 15:19:05 default      DEBUG    Getting movie ratings for user: 327
03-31 15:19:05 default      DEBUG    282 movie ratings found for user: 282
03-31 15:19:05 default      DEBUG    Creating list that can be sorted for user: 327
03-31 15:19:05 default      INFO     Determining top three favorite movies and top three least favorite films for user: 327
03-31 15:19:05 default      DEBUG    Getting movie ratings for user: 359
03-31 15:19:05 default      DEBUG    26 movie ratings found for user: 26
03-31 15:19:05 default      DEBUG    Creating list that can be sorted for user: 359
03-31 15:19:05 default      INFO     Determining top three favorite movies and top three least favorite films for user: 359
03-31 15:19:05 default      DEBUG    Getting movie ratings for user: 361
03-31 15:19:05 default      DEBUG    121 movie ratings found for user: 121
03-31 15:19:05 default      DEBUG    Creating list that can be sorted for user: 361
03-31 15:19:05 default      INFO     Determining top three favorite movies and top three least favorite films for user: 361
03-31 15:19:05 default      DEBUG    Getting movie ratings for user: 377
03-31 15:19:05 default      DEBUG    33 movie ratings found for user: 33
03-31 15:19:05 default      DEBUG    Creating list that can be sorted for user: 377
03-31 15:19:05 default      INFO     Determining top three favorite movies and top three least favorite films for user: 377
03-31 15:19:05 default      DEBUG    Getting movie ratings for user: 442
03-31 15:19:05 default      DEBUG    143 movie ratings found for user: 143
03-31 15:19:05 default      DEBUG    Creating list that can be sorted for user: 442
03-31 15:19:05 default      INFO     Determining top three favorite movies and top three least favorite films for user: 442
03-31 15:19:05 default      DEBUG    Getting movie ratings for user: 459
03-31 15:19:05 default      DEBUG    118 movie ratings found for user: 118
03-31 15:19:05 default      DEBUG    Creating list that can be sorted for user: 459
03-31 15:19:05 default      INFO     Determining top three favorite movies and top three least favorite films for user: 459
03-31 15:19:05 default      DEBUG    Getting movie ratings for user: 466
03-31 15:19:05 default      DEBUG    101 movie ratings found for user: 101
03-31 15:19:05 default      DEBUG    Creating list that can be sorted for user: 466
03-31 15:19:05 default      INFO     Determining top three favorite movies and top three least favorite films for user: 466
03-31 15:19:05 default      DEBUG    Getting movie ratings for user: 501
03-31 15:19:05 default      DEBUG    73 movie ratings found for user: 73
03-31 15:19:05 default      DEBUG    Creating list that can be sorted for user: 501
03-31 15:19:05 default      INFO     Determining top three favorite movies and top three least favorite films for user: 501
03-31 15:19:05 default      DEBUG    Getting movie ratings for user: 502
03-31 15:19:05 default      DEBUG    36 movie ratings found for user: 36
03-31 15:19:05 default      DEBUG    Creating list that can be sorted for user: 502
03-31 15:19:05 default      INFO     Determining top three favorite movies and top three least favorite films for user: 502
03-31 15:19:05 default      DEBUG    Getting movie ratings for user: 511
03-31 15:19:05 default      DEBUG    24 movie ratings found for user: 24
03-31 15:19:05 default      DEBUG    Creating list that can be sorted for user: 511
03-31 15:19:05 default      INFO     Determining top three favorite movies and top three least favorite films for user: 511
03-31 15:19:05 default      DEBUG    Getting movie ratings for user: 610
03-31 15:19:05 default      DEBUG    75 movie ratings found for user: 75
03-31 15:19:05 default      DEBUG    Creating list that can be sorted for user: 610
03-31 15:19:05 default      INFO     Determining top three favorite movies and top three least favorite films for user: 610
03-31 15:19:05 default      DEBUG    Getting movie ratings for user: 793
03-31 15:19:05 default      DEBUG    55 movie ratings found for user: 55
03-31 15:19:05 default      DEBUG    Creating list that can be sorted for user: 793
03-31 15:19:05 default      INFO     Determining top three favorite movies and top three least favorite films for user: 793
03-31 15:19:05 default      DEBUG    Getting movie ratings for user: 820
03-31 15:19:05 default      DEBUG    21 movie ratings found for user: 21
03-31 15:19:05 default      DEBUG    Creating list that can be sorted for user: 820
03-31 15:19:05 default      INFO     Determining top three favorite movies and top three least favorite films for user: 820
03-31 15:19:05 default      DEBUG    Getting movie ratings for user: 870
03-31 15:19:05 default      DEBUG    268 movie ratings found for user: 268
03-31 15:19:05 default      DEBUG    Creating list that can be sorted for user: 870
03-31 15:19:05 default      INFO     Determining top three favorite movies and top three least favorite films for user: 870
03-31 15:19:05 default      DEBUG    Getting movie ratings for user: 943
03-31 15:19:05 default      DEBUG    168 movie ratings found for user: 168
03-31 15:19:05 default      DEBUG    Creating list that can be sorted for user: 943
03-31 15:19:05 default      INFO     Determining top three favorite movies and top three least favorite films for user: 943
